<?xml version="1.0" encoding="UTF-8"?>
<testsuite xmlns:xsi="http://www.w3.org/2001/XMLSchema-instance" xsi:noNamespaceSchemaLocation="https://maven.apache.org/surefire/maven-surefire-plugin/xsd/surefire-test-report.xsd" name="io.users.auth.domain.AuthTest" time="0" tests="3" errors="0" skipped="3" failures="0">
  <properties>
    <property name="java.specification.version" value="18"/>
    <property name="sun.jnu.encoding" value="UTF-8"/>
    <property name="java.class.path" value="/Users/admin/work/Akka/cliniva-auth/target/test-classes:/Users/admin/work/Akka/cliniva-auth/target/classes:/Users/admin/.m2/repository/io/kalix/kalix-java-sdk/1.0.1/kalix-java-sdk-1.0.1.jar:/Users/admin/.m2/repository/org/scala-lang/scala-library/2.13.8/scala-library-2.13.8.jar:/Users/admin/.m2/repository/io/kalix/kalix-jvm-core-sdk/1.0.1/kalix-jvm-core-sdk-1.0.1.jar:/Users/admin/.m2/repository/com/thesamet/scalapb/scalapb-runtime_2.13/0.11.10/scalapb-runtime_2.13-0.11.10.jar:/Users/admin/.m2/repository/com/thesamet/scalapb/lenses_2.13/0.11.10/lenses_2.13-0.11.10.jar:/Users/admin/.m2/repository/org/scala-lang/modules/scala-collection-compat_2.13/2.6.0/scala-collection-compat_2.13-2.6.0.jar:/Users/admin/.m2/repository/com/lightbend/akka/grpc/akka-grpc-runtime_2.13/2.1.4/akka-grpc-runtime_2.13-2.1.4.jar:/Users/admin/.m2/repository/io/grpc/grpc-core/1.45.0/grpc-core-1.45.0.jar:/Users/admin/.m2/repository/io/grpc/grpc-api/1.45.0/grpc-api-1.45.0.jar:/Users/admin/.m2/repository/io/grpc/grpc-context/1.45.0/grpc-context-1.45.0.jar:/Users/admin/.m2/repository/com/google/android/annotations/4.1.1.4/annotations-4.1.1.4.jar:/Users/admin/.m2/repository/org/codehaus/mojo/animal-sniffer-annotations/1.19/animal-sniffer-annotations-1.19.jar:/Users/admin/.m2/repository/io/perfmark/perfmark-api/0.23.0/perfmark-api-0.23.0.jar:/Users/admin/.m2/repository/io/grpc/grpc-netty-shaded/1.45.0/grpc-netty-shaded-1.45.0.jar:/Users/admin/.m2/repository/com/google/protobuf/protobuf-java/3.19.2/protobuf-java-3.19.2.jar:/Users/admin/.m2/repository/com/typesafe/akka/akka-stream_2.13/2.6.19/akka-stream_2.13-2.6.19.jar:/Users/admin/.m2/repository/com/typesafe/akka/akka-actor_2.13/2.6.19/akka-actor_2.13-2.6.19.jar:/Users/admin/.m2/repository/com/typesafe/config/1.4.2/config-1.4.2.jar:/Users/admin/.m2/repository/org/scala-lang/modules/scala-java8-compat_2.13/1.0.0/scala-java8-compat_2.13-1.0.0.jar:/Users/admin/.m2/repository/com/typesafe/akka/akka-protobuf-v3_2.13/2.6.19/akka-protobuf-v3_2.13-2.6.19.jar:/Users/admin/.m2/repository/org/reactivestreams/reactive-streams/1.0.3/reactive-streams-1.0.3.jar:/Users/admin/.m2/repository/com/typesafe/ssl-config-core_2.13/0.4.3/ssl-config-core_2.13-0.4.3.jar:/Users/admin/.m2/repository/org/scala-lang/modules/scala-parser-combinators_2.13/1.1.2/scala-parser-combinators_2.13-1.1.2.jar:/Users/admin/.m2/repository/com/typesafe/akka/akka-slf4j_2.13/2.6.19/akka-slf4j_2.13-2.6.19.jar:/Users/admin/.m2/repository/org/slf4j/slf4j-api/1.7.36/slf4j-api-1.7.36.jar:/Users/admin/.m2/repository/com/typesafe/akka/akka-discovery_2.13/2.6.19/akka-discovery_2.13-2.6.19.jar:/Users/admin/.m2/repository/com/typesafe/akka/akka-http_2.13/10.2.9/akka-http_2.13-10.2.9.jar:/Users/admin/.m2/repository/com/typesafe/akka/akka-http-core_2.13/10.2.9/akka-http-core_2.13-10.2.9.jar:/Users/admin/.m2/repository/com/typesafe/akka/akka-http-spray-json_2.13/10.2.9/akka-http-spray-json_2.13-10.2.9.jar:/Users/admin/.m2/repository/io/spray/spray-json_2.13/1.3.6/spray-json_2.13-1.3.6.jar:/Users/admin/.m2/repository/com/typesafe/akka/akka-http2-support_2.13/10.2.9/akka-http2-support_2.13-10.2.9.jar:/Users/admin/.m2/repository/com/typesafe/akka/akka-parsing_2.13/10.2.9/akka-parsing_2.13-10.2.9.jar:/Users/admin/.m2/repository/com/google/protobuf/protobuf-java-util/3.19.4/protobuf-java-util-3.19.4.jar:/Users/admin/.m2/repository/com/google/guava/guava/30.1.1-android/guava-30.1.1-android.jar:/Users/admin/.m2/repository/com/google/guava/failureaccess/1.0.1/failureaccess-1.0.1.jar:/Users/admin/.m2/repository/com/google/guava/listenablefuture/9999.0-empty-to-avoid-conflict-with-guava/listenablefuture-9999.0-empty-to-avoid-conflict-with-guava.jar:/Users/admin/.m2/repository/org/checkerframework/checker-compat-qual/2.5.5/checker-compat-qual-2.5.5.jar:/Users/admin/.m2/repository/com/google/errorprone/error_prone_annotations/2.5.1/error_prone_annotations-2.5.1.jar:/Users/admin/.m2/repository/com/google/j2objc/j2objc-annotations/1.3/j2objc-annotations-1.3.jar:/Users/admin/.m2/repository/com/google/code/findbugs/jsr305/3.0.2/jsr305-3.0.2.jar:/Users/admin/.m2/repository/com/google/code/gson/gson/2.8.6/gson-2.8.6.jar:/Users/admin/.m2/repository/io/kalix/kalix-sdk-protocol/1.0.1/kalix-sdk-protocol-1.0.1.jar:/Users/admin/.m2/repository/ch/qos/logback/logback-classic/1.2.11/logback-classic-1.2.11.jar:/Users/admin/.m2/repository/ch/qos/logback/logback-core/1.2.11/logback-core-1.2.11.jar:/Users/admin/.m2/repository/ch/qos/logback/contrib/logback-json-classic/0.1.5/logback-json-classic-0.1.5.jar:/Users/admin/.m2/repository/ch/qos/logback/contrib/logback-json-core/0.1.5/logback-json-core-0.1.5.jar:/Users/admin/.m2/repository/ch/qos/logback/contrib/logback-jackson/0.1.5/logback-jackson-0.1.5.jar:/Users/admin/.m2/repository/com/fasterxml/jackson/core/jackson-core/2.12.6/jackson-core-2.12.6.jar:/Users/admin/.m2/repository/com/fasterxml/jackson/core/jackson-annotations/2.12.6/jackson-annotations-2.12.6.jar:/Users/admin/.m2/repository/com/fasterxml/jackson/core/jackson-databind/2.12.6.1/jackson-databind-2.12.6.1.jar:/Users/admin/.m2/repository/com/fasterxml/jackson/datatype/jackson-datatype-jdk8/2.12.6/jackson-datatype-jdk8-2.12.6.jar:/Users/admin/.m2/repository/com/fasterxml/jackson/datatype/jackson-datatype-jsr310/2.12.6/jackson-datatype-jsr310-2.12.6.jar:/Users/admin/.m2/repository/com/fasterxml/jackson/module/jackson-module-parameter-names/2.12.6/jackson-module-parameter-names-2.12.6.jar:/Users/admin/.m2/repository/io/kalix/kalix-java-sdk-testkit/1.0.1/kalix-java-sdk-testkit-1.0.1.jar:/Users/admin/.m2/repository/org/testcontainers/testcontainers/1.15.3/testcontainers-1.15.3.jar:/Users/admin/.m2/repository/org/rnorth/duct-tape/duct-tape/1.0.8/duct-tape-1.0.8.jar:/Users/admin/.m2/repository/org/rnorth/visible-assertions/visible-assertions/2.1.2/visible-assertions-2.1.2.jar:/Users/admin/.m2/repository/net/java/dev/jna/jna/5.2.0/jna-5.2.0.jar:/Users/admin/.m2/repository/com/github/docker-java/docker-java-api/3.2.8/docker-java-api-3.2.8.jar:/Users/admin/.m2/repository/com/github/docker-java/docker-java-transport-zerodep/3.2.8/docker-java-transport-zerodep-3.2.8.jar:/Users/admin/.m2/repository/com/github/docker-java/docker-java-transport/3.2.8/docker-java-transport-3.2.8.jar:/Users/admin/.m2/repository/org/apache/commons/commons-compress/1.21/commons-compress-1.21.jar:/Users/admin/.m2/repository/junit/junit/4.13.2/junit-4.13.2.jar:/Users/admin/.m2/repository/org/hamcrest/hamcrest-core/1.3/hamcrest-core-1.3.jar:"/>
    <property name="java.vm.vendor" value="Homebrew"/>
    <property name="sun.arch.data.model" value="64"/>
    <property name="java.vendor.url" value="https://github.com/Homebrew/homebrew-core/issues"/>
    <property name="os.name" value="Mac OS X"/>
    <property name="java.vm.specification.version" value="18"/>
    <property name="sun.java.launcher" value="SUN_STANDARD"/>
    <property name="user.country" value="ID"/>
    <property name="sun.boot.library.path" value="/opt/homebrew/Cellar/openjdk/18.0.1.1/libexec/openjdk.jdk/Contents/Home/lib"/>
    <property name="sun.java.command" value="/Users/admin/work/Akka/cliniva-auth/target/surefire/surefirebooter208035331690022908.jar /Users/admin/work/Akka/cliniva-auth/target/surefire 2022-07-14T23-01-42_414-jvmRun1 surefire15526738592501831094tmp surefire_013723259688373442598tmp"/>
    <property name="http.nonProxyHosts" value="local|*.local|169.254/16|*.169.254/16"/>
    <property name="jdk.debug" value="release"/>
    <property name="surefire.test.class.path" value="/Users/admin/work/Akka/cliniva-auth/target/test-classes:/Users/admin/work/Akka/cliniva-auth/target/classes:/Users/admin/.m2/repository/io/kalix/kalix-java-sdk/1.0.1/kalix-java-sdk-1.0.1.jar:/Users/admin/.m2/repository/org/scala-lang/scala-library/2.13.8/scala-library-2.13.8.jar:/Users/admin/.m2/repository/io/kalix/kalix-jvm-core-sdk/1.0.1/kalix-jvm-core-sdk-1.0.1.jar:/Users/admin/.m2/repository/com/thesamet/scalapb/scalapb-runtime_2.13/0.11.10/scalapb-runtime_2.13-0.11.10.jar:/Users/admin/.m2/repository/com/thesamet/scalapb/lenses_2.13/0.11.10/lenses_2.13-0.11.10.jar:/Users/admin/.m2/repository/org/scala-lang/modules/scala-collection-compat_2.13/2.6.0/scala-collection-compat_2.13-2.6.0.jar:/Users/admin/.m2/repository/com/lightbend/akka/grpc/akka-grpc-runtime_2.13/2.1.4/akka-grpc-runtime_2.13-2.1.4.jar:/Users/admin/.m2/repository/io/grpc/grpc-core/1.45.0/grpc-core-1.45.0.jar:/Users/admin/.m2/repository/io/grpc/grpc-api/1.45.0/grpc-api-1.45.0.jar:/Users/admin/.m2/repository/io/grpc/grpc-context/1.45.0/grpc-context-1.45.0.jar:/Users/admin/.m2/repository/com/google/android/annotations/4.1.1.4/annotations-4.1.1.4.jar:/Users/admin/.m2/repository/org/codehaus/mojo/animal-sniffer-annotations/1.19/animal-sniffer-annotations-1.19.jar:/Users/admin/.m2/repository/io/perfmark/perfmark-api/0.23.0/perfmark-api-0.23.0.jar:/Users/admin/.m2/repository/io/grpc/grpc-netty-shaded/1.45.0/grpc-netty-shaded-1.45.0.jar:/Users/admin/.m2/repository/com/google/protobuf/protobuf-java/3.19.2/protobuf-java-3.19.2.jar:/Users/admin/.m2/repository/com/typesafe/akka/akka-stream_2.13/2.6.19/akka-stream_2.13-2.6.19.jar:/Users/admin/.m2/repository/com/typesafe/akka/akka-actor_2.13/2.6.19/akka-actor_2.13-2.6.19.jar:/Users/admin/.m2/repository/com/typesafe/config/1.4.2/config-1.4.2.jar:/Users/admin/.m2/repository/org/scala-lang/modules/scala-java8-compat_2.13/1.0.0/scala-java8-compat_2.13-1.0.0.jar:/Users/admin/.m2/repository/com/typesafe/akka/akka-protobuf-v3_2.13/2.6.19/akka-protobuf-v3_2.13-2.6.19.jar:/Users/admin/.m2/repository/org/reactivestreams/reactive-streams/1.0.3/reactive-streams-1.0.3.jar:/Users/admin/.m2/repository/com/typesafe/ssl-config-core_2.13/0.4.3/ssl-config-core_2.13-0.4.3.jar:/Users/admin/.m2/repository/org/scala-lang/modules/scala-parser-combinators_2.13/1.1.2/scala-parser-combinators_2.13-1.1.2.jar:/Users/admin/.m2/repository/com/typesafe/akka/akka-slf4j_2.13/2.6.19/akka-slf4j_2.13-2.6.19.jar:/Users/admin/.m2/repository/org/slf4j/slf4j-api/1.7.36/slf4j-api-1.7.36.jar:/Users/admin/.m2/repository/com/typesafe/akka/akka-discovery_2.13/2.6.19/akka-discovery_2.13-2.6.19.jar:/Users/admin/.m2/repository/com/typesafe/akka/akka-http_2.13/10.2.9/akka-http_2.13-10.2.9.jar:/Users/admin/.m2/repository/com/typesafe/akka/akka-http-core_2.13/10.2.9/akka-http-core_2.13-10.2.9.jar:/Users/admin/.m2/repository/com/typesafe/akka/akka-http-spray-json_2.13/10.2.9/akka-http-spray-json_2.13-10.2.9.jar:/Users/admin/.m2/repository/io/spray/spray-json_2.13/1.3.6/spray-json_2.13-1.3.6.jar:/Users/admin/.m2/repository/com/typesafe/akka/akka-http2-support_2.13/10.2.9/akka-http2-support_2.13-10.2.9.jar:/Users/admin/.m2/repository/com/typesafe/akka/akka-parsing_2.13/10.2.9/akka-parsing_2.13-10.2.9.jar:/Users/admin/.m2/repository/com/google/protobuf/protobuf-java-util/3.19.4/protobuf-java-util-3.19.4.jar:/Users/admin/.m2/repository/com/google/guava/guava/30.1.1-android/guava-30.1.1-android.jar:/Users/admin/.m2/repository/com/google/guava/failureaccess/1.0.1/failureaccess-1.0.1.jar:/Users/admin/.m2/repository/com/google/guava/listenablefuture/9999.0-empty-to-avoid-conflict-with-guava/listenablefuture-9999.0-empty-to-avoid-conflict-with-guava.jar:/Users/admin/.m2/repository/org/checkerframework/checker-compat-qual/2.5.5/checker-compat-qual-2.5.5.jar:/Users/admin/.m2/repository/com/google/errorprone/error_prone_annotations/2.5.1/error_prone_annotations-2.5.1.jar:/Users/admin/.m2/repository/com/google/j2objc/j2objc-annotations/1.3/j2objc-annotations-1.3.jar:/Users/admin/.m2/repository/com/google/code/findbugs/jsr305/3.0.2/jsr305-3.0.2.jar:/Users/admin/.m2/repository/com/google/code/gson/gson/2.8.6/gson-2.8.6.jar:/Users/admin/.m2/repository/io/kalix/kalix-sdk-protocol/1.0.1/kalix-sdk-protocol-1.0.1.jar:/Users/admin/.m2/repository/ch/qos/logback/logback-classic/1.2.11/logback-classic-1.2.11.jar:/Users/admin/.m2/repository/ch/qos/logback/logback-core/1.2.11/logback-core-1.2.11.jar:/Users/admin/.m2/repository/ch/qos/logback/contrib/logback-json-classic/0.1.5/logback-json-classic-0.1.5.jar:/Users/admin/.m2/repository/ch/qos/logback/contrib/logback-json-core/0.1.5/logback-json-core-0.1.5.jar:/Users/admin/.m2/repository/ch/qos/logback/contrib/logback-jackson/0.1.5/logback-jackson-0.1.5.jar:/Users/admin/.m2/repository/com/fasterxml/jackson/core/jackson-core/2.12.6/jackson-core-2.12.6.jar:/Users/admin/.m2/repository/com/fasterxml/jackson/core/jackson-annotations/2.12.6/jackson-annotations-2.12.6.jar:/Users/admin/.m2/repository/com/fasterxml/jackson/core/jackson-databind/2.12.6.1/jackson-databind-2.12.6.1.jar:/Users/admin/.m2/repository/com/fasterxml/jackson/datatype/jackson-datatype-jdk8/2.12.6/jackson-datatype-jdk8-2.12.6.jar:/Users/admin/.m2/repository/com/fasterxml/jackson/datatype/jackson-datatype-jsr310/2.12.6/jackson-datatype-jsr310-2.12.6.jar:/Users/admin/.m2/repository/com/fasterxml/jackson/module/jackson-module-parameter-names/2.12.6/jackson-module-parameter-names-2.12.6.jar:/Users/admin/.m2/repository/io/kalix/kalix-java-sdk-testkit/1.0.1/kalix-java-sdk-testkit-1.0.1.jar:/Users/admin/.m2/repository/org/testcontainers/testcontainers/1.15.3/testcontainers-1.15.3.jar:/Users/admin/.m2/repository/org/rnorth/duct-tape/duct-tape/1.0.8/duct-tape-1.0.8.jar:/Users/admin/.m2/repository/org/rnorth/visible-assertions/visible-assertions/2.1.2/visible-assertions-2.1.2.jar:/Users/admin/.m2/repository/net/java/dev/jna/jna/5.2.0/jna-5.2.0.jar:/Users/admin/.m2/repository/com/github/docker-java/docker-java-api/3.2.8/docker-java-api-3.2.8.jar:/Users/admin/.m2/repository/com/github/docker-java/docker-java-transport-zerodep/3.2.8/docker-java-transport-zerodep-3.2.8.jar:/Users/admin/.m2/repository/com/github/docker-java/docker-java-transport/3.2.8/docker-java-transport-3.2.8.jar:/Users/admin/.m2/repository/org/apache/commons/commons-compress/1.21/commons-compress-1.21.jar:/Users/admin/.m2/repository/junit/junit/4.13.2/junit-4.13.2.jar:/Users/admin/.m2/repository/org/hamcrest/hamcrest-core/1.3/hamcrest-core-1.3.jar:"/>
    <property name="sun.cpu.endian" value="little"/>
    <property name="user.home" value="/Users/admin"/>
    <property name="user.language" value="en"/>
    <property name="java.specification.vendor" value="Oracle Corporation"/>
    <property name="java.version.date" value="2022-04-22"/>
    <property name="java.home" value="/opt/homebrew/Cellar/openjdk/18.0.1.1/libexec/openjdk.jdk/Contents/Home"/>
    <property name="file.separator" value="/"/>
    <property name="basedir" value="/Users/admin/work/Akka/cliniva-auth"/>
    <property name="java.vm.compressedOopsMode" value="Zero based"/>
    <property name="line.separator" value="&#10;"/>
    <property name="java.vm.specification.vendor" value="Oracle Corporation"/>
    <property name="java.specification.name" value="Java Platform API Specification"/>
    <property name="apple.awt.application.name" value="ForkedBooter"/>
    <property name="surefire.real.class.path" value="/Users/admin/work/Akka/cliniva-auth/target/surefire/surefirebooter208035331690022908.jar"/>
    <property name="sun.management.compiler" value="HotSpot 64-Bit Tiered Compilers"/>
    <property name="ftp.nonProxyHosts" value="local|*.local|169.254/16|*.169.254/16"/>
    <property name="java.runtime.version" value="18.0.1.1+0"/>
    <property name="user.name" value="admin"/>
    <property name="path.separator" value=":"/>
    <property name="os.version" value="12.4"/>
    <property name="java.runtime.name" value="OpenJDK Runtime Environment"/>
    <property name="file.encoding" value="UTF-8"/>
    <property name="java.vm.name" value="OpenJDK 64-Bit Server VM"/>
    <property name="java.vendor.version" value="Homebrew"/>
    <property name="localRepository" value="/Users/admin/.m2/repository"/>
    <property name="java.vendor.url.bug" value="https://github.com/Homebrew/homebrew-core/issues"/>
    <property name="java.io.tmpdir" value="/var/folders/hw/_6jq2q5x45164mkfzjhmc8n40000gn/T/"/>
    <property name="java.version" value="18.0.1.1"/>
    <property name="user.dir" value="/Users/admin/work/Akka/cliniva-auth"/>
    <property name="os.arch" value="aarch64"/>
    <property name="java.vm.specification.name" value="Java Virtual Machine Specification"/>
    <property name="native.encoding" value="UTF-8"/>
    <property name="java.library.path" value="/Users/admin/Library/Java/Extensions:/Library/Java/Extensions:/Network/Library/Java/Extensions:/System/Library/Java/Extensions:/usr/lib/java:."/>
    <property name="java.vm.info" value="mixed mode, sharing"/>
    <property name="java.vendor" value="Homebrew"/>
    <property name="java.vm.version" value="18.0.1.1+0"/>
    <property name="sun.io.unicode.encoding" value="UnicodeBig"/>
    <property name="socksNonProxyHosts" value="local|*.local|169.254/16|*.169.254/16"/>
    <property name="java.class.version" value="62.0"/>
  </properties>
  <testcase name="exampleTest" classname="io.users.auth.domain.AuthTest" time="0">
    <skipped message="to be implemented"/>
  </testcase>
  <testcase name="loginTest" classname="io.users.auth.domain.AuthTest" time="0">
    <skipped message="to be implemented"/>
  </testcase>
  <testcase name="registerTest" classname="io.users.auth.domain.AuthTest" time="0">
    <skipped message="to be implemented"/>
  </testcase>
</testsuite>