<?xml version="1.0" encoding="UTF-8"?>
<testsuite xmlns:xsi="http://www.w3.org/2001/XMLSchema-instance" xsi:noNamespaceSchemaLocation="https://maven.apache.org/surefire/maven-surefire-plugin/xsd/surefire-test-report.xsd" name="io.users.auth.action.AuthActionImplTest" time="0.09" tests="2" errors="0" skipped="2" failures="0">
  <properties>
    <property name="sun.desktop" value="windows"/>
    <property name="awt.toolkit" value="sun.awt.windows.WToolkit"/>
    <property name="java.specification.version" value="11"/>
    <property name="sun.cpu.isalist" value="amd64"/>
    <property name="sun.jnu.encoding" value="Cp1252"/>
    <property name="java.class.path" value="D:\Akka\cliniva-auth\target\test-classes;D:\Akka\cliniva-auth\target\classes;C:\Users\bhakt\.m2\repository\io\kalix\kalix-java-sdk\1.0.1\kalix-java-sdk-1.0.1.jar;C:\Users\bhakt\.m2\repository\org\scala-lang\scala-library\2.13.8\scala-library-2.13.8.jar;C:\Users\bhakt\.m2\repository\io\kalix\kalix-jvm-core-sdk\1.0.1\kalix-jvm-core-sdk-1.0.1.jar;C:\Users\bhakt\.m2\repository\com\thesamet\scalapb\scalapb-runtime_2.13\0.11.10\scalapb-runtime_2.13-0.11.10.jar;C:\Users\bhakt\.m2\repository\com\thesamet\scalapb\lenses_2.13\0.11.10\lenses_2.13-0.11.10.jar;C:\Users\bhakt\.m2\repository\org\scala-lang\modules\scala-collection-compat_2.13\2.6.0\scala-collection-compat_2.13-2.6.0.jar;C:\Users\bhakt\.m2\repository\com\lightbend\akka\grpc\akka-grpc-runtime_2.13\2.1.4\akka-grpc-runtime_2.13-2.1.4.jar;C:\Users\bhakt\.m2\repository\io\grpc\grpc-core\1.45.0\grpc-core-1.45.0.jar;C:\Users\bhakt\.m2\repository\io\grpc\grpc-api\1.45.0\grpc-api-1.45.0.jar;C:\Users\bhakt\.m2\repository\io\grpc\grpc-context\1.45.0\grpc-context-1.45.0.jar;C:\Users\bhakt\.m2\repository\com\google\android\annotations\4.1.1.4\annotations-4.1.1.4.jar;C:\Users\bhakt\.m2\repository\org\codehaus\mojo\animal-sniffer-annotations\1.19\animal-sniffer-annotations-1.19.jar;C:\Users\bhakt\.m2\repository\io\perfmark\perfmark-api\0.23.0\perfmark-api-0.23.0.jar;C:\Users\bhakt\.m2\repository\io\grpc\grpc-netty-shaded\1.45.0\grpc-netty-shaded-1.45.0.jar;C:\Users\bhakt\.m2\repository\com\google\protobuf\protobuf-java\3.19.2\protobuf-java-3.19.2.jar;C:\Users\bhakt\.m2\repository\com\typesafe\akka\akka-stream_2.13\2.6.19\akka-stream_2.13-2.6.19.jar;C:\Users\bhakt\.m2\repository\com\typesafe\akka\akka-actor_2.13\2.6.19\akka-actor_2.13-2.6.19.jar;C:\Users\bhakt\.m2\repository\com\typesafe\config\1.4.2\config-1.4.2.jar;C:\Users\bhakt\.m2\repository\org\scala-lang\modules\scala-java8-compat_2.13\1.0.0\scala-java8-compat_2.13-1.0.0.jar;C:\Users\bhakt\.m2\repository\com\typesafe\akka\akka-protobuf-v3_2.13\2.6.19\akka-protobuf-v3_2.13-2.6.19.jar;C:\Users\bhakt\.m2\repository\org\reactivestreams\reactive-streams\1.0.3\reactive-streams-1.0.3.jar;C:\Users\bhakt\.m2\repository\com\typesafe\ssl-config-core_2.13\0.4.3\ssl-config-core_2.13-0.4.3.jar;C:\Users\bhakt\.m2\repository\org\scala-lang\modules\scala-parser-combinators_2.13\1.1.2\scala-parser-combinators_2.13-1.1.2.jar;C:\Users\bhakt\.m2\repository\com\typesafe\akka\akka-slf4j_2.13\2.6.19\akka-slf4j_2.13-2.6.19.jar;C:\Users\bhakt\.m2\repository\org\slf4j\slf4j-api\1.7.36\slf4j-api-1.7.36.jar;C:\Users\bhakt\.m2\repository\com\typesafe\akka\akka-discovery_2.13\2.6.19\akka-discovery_2.13-2.6.19.jar;C:\Users\bhakt\.m2\repository\com\typesafe\akka\akka-http_2.13\10.2.9\akka-http_2.13-10.2.9.jar;C:\Users\bhakt\.m2\repository\com\typesafe\akka\akka-http-core_2.13\10.2.9\akka-http-core_2.13-10.2.9.jar;C:\Users\bhakt\.m2\repository\com\typesafe\akka\akka-http-spray-json_2.13\10.2.9\akka-http-spray-json_2.13-10.2.9.jar;C:\Users\bhakt\.m2\repository\io\spray\spray-json_2.13\1.3.6\spray-json_2.13-1.3.6.jar;C:\Users\bhakt\.m2\repository\com\typesafe\akka\akka-http2-support_2.13\10.2.9\akka-http2-support_2.13-10.2.9.jar;C:\Users\bhakt\.m2\repository\com\typesafe\akka\akka-parsing_2.13\10.2.9\akka-parsing_2.13-10.2.9.jar;C:\Users\bhakt\.m2\repository\com\google\protobuf\protobuf-java-util\3.19.4\protobuf-java-util-3.19.4.jar;C:\Users\bhakt\.m2\repository\com\google\guava\guava\30.1.1-android\guava-30.1.1-android.jar;C:\Users\bhakt\.m2\repository\com\google\guava\failureaccess\1.0.1\failureaccess-1.0.1.jar;C:\Users\bhakt\.m2\repository\com\google\guava\listenablefuture\9999.0-empty-to-avoid-conflict-with-guava\listenablefuture-9999.0-empty-to-avoid-conflict-with-guava.jar;C:\Users\bhakt\.m2\repository\org\checkerframework\checker-compat-qual\2.5.5\checker-compat-qual-2.5.5.jar;C:\Users\bhakt\.m2\repository\com\google\errorprone\error_prone_annotations\2.5.1\error_prone_annotations-2.5.1.jar;C:\Users\bhakt\.m2\repository\com\google\j2objc\j2objc-annotations\1.3\j2objc-annotations-1.3.jar;C:\Users\bhakt\.m2\repository\com\google\code\findbugs\jsr305\3.0.2\jsr305-3.0.2.jar;C:\Users\bhakt\.m2\repository\com\google\code\gson\gson\2.8.6\gson-2.8.6.jar;C:\Users\bhakt\.m2\repository\io\kalix\kalix-sdk-protocol\1.0.1\kalix-sdk-protocol-1.0.1.jar;C:\Users\bhakt\.m2\repository\ch\qos\logback\logback-classic\1.2.11\logback-classic-1.2.11.jar;C:\Users\bhakt\.m2\repository\ch\qos\logback\logback-core\1.2.11\logback-core-1.2.11.jar;C:\Users\bhakt\.m2\repository\ch\qos\logback\contrib\logback-json-classic\0.1.5\logback-json-classic-0.1.5.jar;C:\Users\bhakt\.m2\repository\ch\qos\logback\contrib\logback-json-core\0.1.5\logback-json-core-0.1.5.jar;C:\Users\bhakt\.m2\repository\ch\qos\logback\contrib\logback-jackson\0.1.5\logback-jackson-0.1.5.jar;C:\Users\bhakt\.m2\repository\com\fasterxml\jackson\core\jackson-core\2.12.6\jackson-core-2.12.6.jar;C:\Users\bhakt\.m2\repository\com\fasterxml\jackson\core\jackson-annotations\2.12.6\jackson-annotations-2.12.6.jar;C:\Users\bhakt\.m2\repository\com\fasterxml\jackson\core\jackson-databind\2.12.6.1\jackson-databind-2.12.6.1.jar;C:\Users\bhakt\.m2\repository\com\fasterxml\jackson\datatype\jackson-datatype-jdk8\2.12.6\jackson-datatype-jdk8-2.12.6.jar;C:\Users\bhakt\.m2\repository\com\fasterxml\jackson\datatype\jackson-datatype-jsr310\2.12.6\jackson-datatype-jsr310-2.12.6.jar;C:\Users\bhakt\.m2\repository\com\fasterxml\jackson\module\jackson-module-parameter-names\2.12.6\jackson-module-parameter-names-2.12.6.jar;C:\Users\bhakt\.m2\repository\io\kalix\kalix-java-sdk-testkit\1.0.1\kalix-java-sdk-testkit-1.0.1.jar;C:\Users\bhakt\.m2\repository\org\testcontainers\testcontainers\1.15.3\testcontainers-1.15.3.jar;C:\Users\bhakt\.m2\repository\org\rnorth\duct-tape\duct-tape\1.0.8\duct-tape-1.0.8.jar;C:\Users\bhakt\.m2\repository\org\rnorth\visible-assertions\visible-assertions\2.1.2\visible-assertions-2.1.2.jar;C:\Users\bhakt\.m2\repository\net\java\dev\jna\jna\5.2.0\jna-5.2.0.jar;C:\Users\bhakt\.m2\repository\com\github\docker-java\docker-java-api\3.2.8\docker-java-api-3.2.8.jar;C:\Users\bhakt\.m2\repository\com\github\docker-java\docker-java-transport-zerodep\3.2.8\docker-java-transport-zerodep-3.2.8.jar;C:\Users\bhakt\.m2\repository\com\github\docker-java\docker-java-transport\3.2.8\docker-java-transport-3.2.8.jar;C:\Users\bhakt\.m2\repository\org\apache\commons\commons-compress\1.21\commons-compress-1.21.jar;C:\Users\bhakt\.m2\repository\junit\junit\4.13.2\junit-4.13.2.jar;C:\Users\bhakt\.m2\repository\org\hamcrest\hamcrest-core\1.3\hamcrest-core-1.3.jar;"/>
    <property name="java.vm.vendor" value="Oracle Corporation"/>
    <property name="sun.arch.data.model" value="64"/>
    <property name="user.variant" value=""/>
    <property name="java.vendor.url" value="https://openjdk.java.net/"/>
    <property name="user.timezone" value="Asia/Bangkok"/>
    <property name="java.vm.specification.version" value="11"/>
    <property name="os.name" value="Windows 10"/>
    <property name="sun.java.launcher" value="SUN_STANDARD"/>
    <property name="user.country" value="US"/>
    <property name="sun.boot.library.path" value="C:\Program Files\Java\jdk-11.0.13\bin"/>
    <property name="sun.java.command" value="C:\Users\bhakt\AppData\Local\Temp\surefire16262511865187640379\surefirebooter14052057805017403107.jar C:\Users\bhakt\AppData\Local\Temp\surefire16262511865187640379 2022-06-22T21-50-47_290-jvmRun1 surefire13978197815091469968tmp surefire_09996015932843398466tmp"/>
    <property name="jdk.debug" value="release"/>
    <property name="surefire.test.class.path" value="D:\Akka\cliniva-auth\target\test-classes;D:\Akka\cliniva-auth\target\classes;C:\Users\bhakt\.m2\repository\io\kalix\kalix-java-sdk\1.0.1\kalix-java-sdk-1.0.1.jar;C:\Users\bhakt\.m2\repository\org\scala-lang\scala-library\2.13.8\scala-library-2.13.8.jar;C:\Users\bhakt\.m2\repository\io\kalix\kalix-jvm-core-sdk\1.0.1\kalix-jvm-core-sdk-1.0.1.jar;C:\Users\bhakt\.m2\repository\com\thesamet\scalapb\scalapb-runtime_2.13\0.11.10\scalapb-runtime_2.13-0.11.10.jar;C:\Users\bhakt\.m2\repository\com\thesamet\scalapb\lenses_2.13\0.11.10\lenses_2.13-0.11.10.jar;C:\Users\bhakt\.m2\repository\org\scala-lang\modules\scala-collection-compat_2.13\2.6.0\scala-collection-compat_2.13-2.6.0.jar;C:\Users\bhakt\.m2\repository\com\lightbend\akka\grpc\akka-grpc-runtime_2.13\2.1.4\akka-grpc-runtime_2.13-2.1.4.jar;C:\Users\bhakt\.m2\repository\io\grpc\grpc-core\1.45.0\grpc-core-1.45.0.jar;C:\Users\bhakt\.m2\repository\io\grpc\grpc-api\1.45.0\grpc-api-1.45.0.jar;C:\Users\bhakt\.m2\repository\io\grpc\grpc-context\1.45.0\grpc-context-1.45.0.jar;C:\Users\bhakt\.m2\repository\com\google\android\annotations\4.1.1.4\annotations-4.1.1.4.jar;C:\Users\bhakt\.m2\repository\org\codehaus\mojo\animal-sniffer-annotations\1.19\animal-sniffer-annotations-1.19.jar;C:\Users\bhakt\.m2\repository\io\perfmark\perfmark-api\0.23.0\perfmark-api-0.23.0.jar;C:\Users\bhakt\.m2\repository\io\grpc\grpc-netty-shaded\1.45.0\grpc-netty-shaded-1.45.0.jar;C:\Users\bhakt\.m2\repository\com\google\protobuf\protobuf-java\3.19.2\protobuf-java-3.19.2.jar;C:\Users\bhakt\.m2\repository\com\typesafe\akka\akka-stream_2.13\2.6.19\akka-stream_2.13-2.6.19.jar;C:\Users\bhakt\.m2\repository\com\typesafe\akka\akka-actor_2.13\2.6.19\akka-actor_2.13-2.6.19.jar;C:\Users\bhakt\.m2\repository\com\typesafe\config\1.4.2\config-1.4.2.jar;C:\Users\bhakt\.m2\repository\org\scala-lang\modules\scala-java8-compat_2.13\1.0.0\scala-java8-compat_2.13-1.0.0.jar;C:\Users\bhakt\.m2\repository\com\typesafe\akka\akka-protobuf-v3_2.13\2.6.19\akka-protobuf-v3_2.13-2.6.19.jar;C:\Users\bhakt\.m2\repository\org\reactivestreams\reactive-streams\1.0.3\reactive-streams-1.0.3.jar;C:\Users\bhakt\.m2\repository\com\typesafe\ssl-config-core_2.13\0.4.3\ssl-config-core_2.13-0.4.3.jar;C:\Users\bhakt\.m2\repository\org\scala-lang\modules\scala-parser-combinators_2.13\1.1.2\scala-parser-combinators_2.13-1.1.2.jar;C:\Users\bhakt\.m2\repository\com\typesafe\akka\akka-slf4j_2.13\2.6.19\akka-slf4j_2.13-2.6.19.jar;C:\Users\bhakt\.m2\repository\org\slf4j\slf4j-api\1.7.36\slf4j-api-1.7.36.jar;C:\Users\bhakt\.m2\repository\com\typesafe\akka\akka-discovery_2.13\2.6.19\akka-discovery_2.13-2.6.19.jar;C:\Users\bhakt\.m2\repository\com\typesafe\akka\akka-http_2.13\10.2.9\akka-http_2.13-10.2.9.jar;C:\Users\bhakt\.m2\repository\com\typesafe\akka\akka-http-core_2.13\10.2.9\akka-http-core_2.13-10.2.9.jar;C:\Users\bhakt\.m2\repository\com\typesafe\akka\akka-http-spray-json_2.13\10.2.9\akka-http-spray-json_2.13-10.2.9.jar;C:\Users\bhakt\.m2\repository\io\spray\spray-json_2.13\1.3.6\spray-json_2.13-1.3.6.jar;C:\Users\bhakt\.m2\repository\com\typesafe\akka\akka-http2-support_2.13\10.2.9\akka-http2-support_2.13-10.2.9.jar;C:\Users\bhakt\.m2\repository\com\typesafe\akka\akka-parsing_2.13\10.2.9\akka-parsing_2.13-10.2.9.jar;C:\Users\bhakt\.m2\repository\com\google\protobuf\protobuf-java-util\3.19.4\protobuf-java-util-3.19.4.jar;C:\Users\bhakt\.m2\repository\com\google\guava\guava\30.1.1-android\guava-30.1.1-android.jar;C:\Users\bhakt\.m2\repository\com\google\guava\failureaccess\1.0.1\failureaccess-1.0.1.jar;C:\Users\bhakt\.m2\repository\com\google\guava\listenablefuture\9999.0-empty-to-avoid-conflict-with-guava\listenablefuture-9999.0-empty-to-avoid-conflict-with-guava.jar;C:\Users\bhakt\.m2\repository\org\checkerframework\checker-compat-qual\2.5.5\checker-compat-qual-2.5.5.jar;C:\Users\bhakt\.m2\repository\com\google\errorprone\error_prone_annotations\2.5.1\error_prone_annotations-2.5.1.jar;C:\Users\bhakt\.m2\repository\com\google\j2objc\j2objc-annotations\1.3\j2objc-annotations-1.3.jar;C:\Users\bhakt\.m2\repository\com\google\code\findbugs\jsr305\3.0.2\jsr305-3.0.2.jar;C:\Users\bhakt\.m2\repository\com\google\code\gson\gson\2.8.6\gson-2.8.6.jar;C:\Users\bhakt\.m2\repository\io\kalix\kalix-sdk-protocol\1.0.1\kalix-sdk-protocol-1.0.1.jar;C:\Users\bhakt\.m2\repository\ch\qos\logback\logback-classic\1.2.11\logback-classic-1.2.11.jar;C:\Users\bhakt\.m2\repository\ch\qos\logback\logback-core\1.2.11\logback-core-1.2.11.jar;C:\Users\bhakt\.m2\repository\ch\qos\logback\contrib\logback-json-classic\0.1.5\logback-json-classic-0.1.5.jar;C:\Users\bhakt\.m2\repository\ch\qos\logback\contrib\logback-json-core\0.1.5\logback-json-core-0.1.5.jar;C:\Users\bhakt\.m2\repository\ch\qos\logback\contrib\logback-jackson\0.1.5\logback-jackson-0.1.5.jar;C:\Users\bhakt\.m2\repository\com\fasterxml\jackson\core\jackson-core\2.12.6\jackson-core-2.12.6.jar;C:\Users\bhakt\.m2\repository\com\fasterxml\jackson\core\jackson-annotations\2.12.6\jackson-annotations-2.12.6.jar;C:\Users\bhakt\.m2\repository\com\fasterxml\jackson\core\jackson-databind\2.12.6.1\jackson-databind-2.12.6.1.jar;C:\Users\bhakt\.m2\repository\com\fasterxml\jackson\datatype\jackson-datatype-jdk8\2.12.6\jackson-datatype-jdk8-2.12.6.jar;C:\Users\bhakt\.m2\repository\com\fasterxml\jackson\datatype\jackson-datatype-jsr310\2.12.6\jackson-datatype-jsr310-2.12.6.jar;C:\Users\bhakt\.m2\repository\com\fasterxml\jackson\module\jackson-module-parameter-names\2.12.6\jackson-module-parameter-names-2.12.6.jar;C:\Users\bhakt\.m2\repository\io\kalix\kalix-java-sdk-testkit\1.0.1\kalix-java-sdk-testkit-1.0.1.jar;C:\Users\bhakt\.m2\repository\org\testcontainers\testcontainers\1.15.3\testcontainers-1.15.3.jar;C:\Users\bhakt\.m2\repository\org\rnorth\duct-tape\duct-tape\1.0.8\duct-tape-1.0.8.jar;C:\Users\bhakt\.m2\repository\org\rnorth\visible-assertions\visible-assertions\2.1.2\visible-assertions-2.1.2.jar;C:\Users\bhakt\.m2\repository\net\java\dev\jna\jna\5.2.0\jna-5.2.0.jar;C:\Users\bhakt\.m2\repository\com\github\docker-java\docker-java-api\3.2.8\docker-java-api-3.2.8.jar;C:\Users\bhakt\.m2\repository\com\github\docker-java\docker-java-transport-zerodep\3.2.8\docker-java-transport-zerodep-3.2.8.jar;C:\Users\bhakt\.m2\repository\com\github\docker-java\docker-java-transport\3.2.8\docker-java-transport-3.2.8.jar;C:\Users\bhakt\.m2\repository\org\apache\commons\commons-compress\1.21\commons-compress-1.21.jar;C:\Users\bhakt\.m2\repository\junit\junit\4.13.2\junit-4.13.2.jar;C:\Users\bhakt\.m2\repository\org\hamcrest\hamcrest-core\1.3\hamcrest-core-1.3.jar;"/>
    <property name="sun.cpu.endian" value="little"/>
    <property name="user.home" value="C:\Users\bhakt"/>
    <property name="user.language" value="en"/>
    <property name="java.specification.vendor" value="Oracle Corporation"/>
    <property name="java.version.date" value="2021-10-19"/>
    <property name="java.home" value="C:\Program Files\Java\jdk-11.0.13"/>
    <property name="file.separator" value="\"/>
    <property name="basedir" value="D:\Akka\cliniva-auth"/>
    <property name="java.vm.compressedOopsMode" value="Zero based"/>
    <property name="line.separator" value="&#10;"/>
    <property name="java.specification.name" value="Java Platform API Specification"/>
    <property name="java.vm.specification.vendor" value="Oracle Corporation"/>
    <property name="java.awt.graphicsenv" value="sun.awt.Win32GraphicsEnvironment"/>
    <property name="surefire.real.class.path" value="C:\Users\bhakt\AppData\Local\Temp\surefire16262511865187640379\surefirebooter14052057805017403107.jar"/>
    <property name="user.script" value=""/>
    <property name="sun.management.compiler" value="HotSpot 64-Bit Tiered Compilers"/>
    <property name="java.runtime.version" value="11.0.13+10-LTS-370"/>
    <property name="user.name" value="bhakt"/>
    <property name="path.separator" value=";"/>
    <property name="os.version" value="10.0"/>
    <property name="java.runtime.name" value="Java(TM) SE Runtime Environment"/>
    <property name="file.encoding" value="Cp1252"/>
    <property name="java.vm.name" value="Java HotSpot(TM) 64-Bit Server VM"/>
    <property name="java.vendor.version" value="18.9"/>
    <property name="localRepository" value="C:\Users\bhakt\.m2\repository"/>
    <property name="java.vendor.url.bug" value="https://bugreport.java.com/bugreport/"/>
    <property name="java.io.tmpdir" value="C:\Users\bhakt\AppData\Local\Temp\"/>
    <property name="java.version" value="11.0.13"/>
    <property name="user.dir" value="D:\Akka\cliniva-auth"/>
    <property name="os.arch" value="amd64"/>
    <property name="java.vm.specification.name" value="Java Virtual Machine Specification"/>
    <property name="java.awt.printerjob" value="sun.awt.windows.WPrinterJob"/>
    <property name="sun.os.patch.level" value=""/>
    <property name="java.library.path" value="C:\Program Files\Java\jdk-11.0.13\bin;C:\WINDOWS\Sun\Java\bin;C:\WINDOWS\system32;C:\WINDOWS;C:\Users\bhakt\bin;C:\Program Files\Git\mingw64\bin;C:\Program Files\Git\usr\local\bin;C:\Program Files\Git\usr\bin;C:\Program Files\Git\usr\bin;C:\Program Files\Git\mingw64\bin;C:\Program Files\Git\usr\bin;C:\Users\bhakt\bin;C:\Program Files\Common Files\Oracle\Java\javapath;C:\Windows\system32;C:\Windows;C:\Windows\System32\Wbem;C:\Windows\System32\WindowsPowerShell\v1.0;C:\Windows\System32\OpenSSH;C:\Program Files (x86)\NVIDIA Corporation\PhysX\Common;C:\WINDOWS\system32;C:\WINDOWS;C:\WINDOWS\System32\Wbem;C:\WINDOWS\System32\WindowsPowerShell\v1.0;C:\WINDOWS\System32\OpenSSH;C:\Users\bhakt\AppData\Roaming\nvm;C:\Program Files\nodejs;C:\Program Files\Git\cmd;C:\Program Files\PuTTY;C:\Program Files\Docker\Docker\resources\bin;C:\ProgramData\DockerDesktop\version-bin;C:\Users\bhakt\AppData\Local\Programs\Python\Python38\Scripts;C:\Users\bhakt\AppData\Local\Programs\Python\Python38;C:\Users\bhakt\AppData\Local\Microsoft\WindowsApps;C:\Users\bhakt\AppData\Local\Programs\Microsoft VS Code\bin;C:\Program Files\Java\jdk-11.0.13\bin;C:\Users\bhakt\AppData\Roaming\nvm;C:\Program Files\nodejs;C:\Users\bhakt\AppData\Local\GitHubDesktop\bin;C:\kalix_windows_amd64;C:\apache-maven-3.8.5\bin;C:\grpcurl;C:\Users\bhakt\AppData\Local\Android\Sdk;C:\platform-tools;C:\Users\bhakt\AppData\Local\Google\Cloud SDK\google-cloud-sdk\bin;C:\Users\bhakt\AppData\Local\Programs\Python\Python38\python.exe;C:\Program Files\Git\usr\bin\vendor_perl;C:\Program Files\Git\usr\bin\core_perl;."/>
    <property name="java.vendor" value="Oracle Corporation"/>
    <property name="java.vm.info" value="mixed mode"/>
    <property name="java.vm.version" value="11.0.13+10-LTS-370"/>
    <property name="sun.io.unicode.encoding" value="UnicodeLittle"/>
    <property name="java.class.version" value="55.0"/>
  </properties>
  <testcase name="exampleTest" classname="io.users.auth.action.AuthActionImplTest" time="0">
    <skipped message="to be implemented"/>
  </testcase>
  <testcase name="registerTest" classname="io.users.auth.action.AuthActionImplTest" time="0">
    <skipped message="to be implemented"/>
  </testcase>
</testsuite>